-------------------------------------------------------------------------------
Test set: com.foodapp.FoodApplicationTests
-------------------------------------------------------------------------------
Tests run: 1, Failures: 0, Errors: 1, Skipped: 0, Time elapsed: 11.387 s <<< FAILURE! - in com.foodapp.FoodApplicationTests
contextLoads  Time elapsed: 0.048 s  <<< ERROR!
java.lang.IllegalStateException: Failed to load ApplicationContext for [WebMergedContextConfiguration@22195d06 testClass = com.foodapp.FoodApplicationTests, locations = [], classes = [com.foodapp.FoodApplication], contextInitializerClasses = [], activeProfiles = [], propertySourceLocations = [], propertySourceProperties = ["org.springframework.boot.test.context.SpringBootTestContextBootstrapper=true"], contextCustomizers = [org.springframework.boot.test.context.filter.ExcludeFilterContextCustomizer@258d79be, org.springframework.boot.test.json.DuplicateJsonObjectContextCustomizerFactory$DuplicateJsonObjectContextCustomizer@409c54f, org.springframework.boot.test.mock.mockito.MockitoContextCustomizer@0, org.springframework.boot.test.web.client.TestRestTemplateContextCustomizer@4e423aa2, org.springframework.boot.test.autoconfigure.actuate.observability.ObservabilityContextCustomizerFactory$DisableObservabilityContextCustomizer@1f, org.springframework.boot.test.autoconfigure.properties.PropertyMappingContextCustomizer@0, org.springframework.boot.test.autoconfigure.web.servlet.WebDriverContextCustomizer@51133c06, org.springframework.boot.test.context.SpringBootTestAnnotation@e306c040], resourceBasePath = "src/main/webapp", contextLoader = org.springframework.boot.test.context.SpringBootContextLoader, parent = null]
Caused by: org.springframework.beans.factory.UnsatisfiedDependencyException: Error creating bean with name 'controllerclass': Unsatisfied dependency expressed through field 'service1': Error creating bean with name 'serviceclass3': Unsatisfied dependency expressed through field 'repo': Error creating bean with name 'repoclass3' defined in com.foodapp.repository3.repoclass3 defined in @EnableJpaRepositories declared on JpaRepositoriesRegistrar.EnableJpaRepositoriesConfiguration: Could not create query for public abstract java.util.List com.foodapp.repository3.repoclass3.findByFoodid(int); Reason: Validation failed for query for method public abstract java.util.List com.foodapp.repository3.repoclass3.findByFoodid(int)
Caused by: org.springframework.beans.factory.UnsatisfiedDependencyException: Error creating bean with name 'serviceclass3': Unsatisfied dependency expressed through field 'repo': Error creating bean with name 'repoclass3' defined in com.foodapp.repository3.repoclass3 defined in @EnableJpaRepositories declared on JpaRepositoriesRegistrar.EnableJpaRepositoriesConfiguration: Could not create query for public abstract java.util.List com.foodapp.repository3.repoclass3.findByFoodid(int); Reason: Validation failed for query for method public abstract java.util.List com.foodapp.repository3.repoclass3.findByFoodid(int)
Caused by: org.springframework.beans.factory.BeanCreationException: Error creating bean with name 'repoclass3' defined in com.foodapp.repository3.repoclass3 defined in @EnableJpaRepositories declared on JpaRepositoriesRegistrar.EnableJpaRepositoriesConfiguration: Could not create query for public abstract java.util.List com.foodapp.repository3.repoclass3.findByFoodid(int); Reason: Validation failed for query for method public abstract java.util.List com.foodapp.repository3.repoclass3.findByFoodid(int)
Caused by: org.springframework.data.repository.query.QueryCreationException: Could not create query for public abstract java.util.List com.foodapp.repository3.repoclass3.findByFoodid(int); Reason: Validation failed for query for method public abstract java.util.List com.foodapp.repository3.repoclass3.findByFoodid(int)
Caused by: java.lang.IllegalArgumentException: Validation failed for query for method public abstract java.util.List com.foodapp.repository3.repoclass3.findByFoodid(int)
Caused by: java.lang.IllegalArgumentException: org.hibernate.query.sqm.InterpretationException: Error interpreting query [SELECT e FROM Entity3 e WHERE e.food_id = :foodid]; this may indicate a semantic (user query) problem or a bug in the parser [SELECT e FROM Entity3 e WHERE e.food_id = :foodid]
Caused by: org.hibernate.query.sqm.InterpretationException: Error interpreting query [SELECT e FROM Entity3 e WHERE e.food_id = :foodid]; this may indicate a semantic (user query) problem or a bug in the parser [SELECT e FROM Entity3 e WHERE e.food_id = :foodid]
Caused by: java.lang.IllegalArgumentException: org.hibernate.query.SemanticException: Could not resolve attribute 'food_id' of 'com.foodapp.entity3.Entity3'
Caused by: org.hibernate.query.SemanticException: Could not resolve attribute 'food_id' of 'com.foodapp.entity3.Entity3'

